<html>
<body>
<pre>
<h1>µVision Build Log</h1>
<h2>Tool Versions:</h2>
IDE-Version: ¦ÌVision V5.33.0.0
Copyright (C) 2020 ARM Ltd and ARM Germany GmbH. All rights reserved.
License Information: 123 321, 123456, LIC=ZBD7S-LDRHH-1C0JA-16U4T-4ZUP8-DFWFS
 
Tool Versions:
Toolchain:       PK51 Prof. Developers Kit  Version: 9.60.0.0
Toolchain Path:  C:\Keil_v5\C51\BIN
C Compiler:      C51.exe V9.60.0.0
Assembler:       A51.exe V8.2.7.0
Linker/Locator:  BL51.exe V6.22.2.0
Library Manager: LIB51.exe V4.30.1.0
Hex Converter:   OH51.exe V2.7.0.0
CPU DLL:         S8051.DLL V3.122.0.0
Dialog DLL:      DP51.DLL V2.67.0.0 
<h2>Project:</h2>
C:\Users\X1 Carbon\OneDrive\ÎÄµµ\Keil\test1\test1.uvproj
Project File Date:  09/30/2021

<h2>Output:</h2>
Rebuild target 'Target 1'
assembling STARTUP.A51...
assembling test1.a51...
assembling test2.a51...
C:\KEIL_V5\C51\INC\REG52.H(13): error A10: ATTEMPT TO DEFINE AN ALREADY DEFINED SYMBOL
C:\KEIL_V5\C51\INC\REG52.H(14): error A10: ATTEMPT TO DEFINE AN ALREADY DEFINED SYMBOL
C:\KEIL_V5\C51\INC\REG52.H(15): error A10: ATTEMPT TO DEFINE AN ALREADY DEFINED SYMBOL
C:\KEIL_V5\C51\INC\REG52.H(16): error A10: ATTEMPT TO DEFINE AN ALREADY DEFINED SYMBOL
C:\KEIL_V5\C51\INC\REG52.H(17): error A10: ATTEMPT TO DEFINE AN ALREADY DEFINED SYMBOL
C:\KEIL_V5\C51\INC\REG52.H(18): error A10: ATTEMPT TO DEFINE AN ALREADY DEFINED SYMBOL
C:\KEIL_V5\C51\INC\REG52.H(19): error A10: ATTEMPT TO DEFINE AN ALREADY DEFINED SYMBOL
C:\KEIL_V5\C51\INC\REG52.H(20): error A10: ATTEMPT TO DEFINE AN ALREADY DEFINED SYMBOL
C:\KEIL_V5\C51\INC\REG52.H(21): error A10: ATTEMPT TO DEFINE AN ALREADY DEFINED SYMBOL
C:\KEIL_V5\C51\INC\REG52.H(22): error A10: ATTEMPT TO DEFINE AN ALREADY DEFINED SYMBOL
C:\KEIL_V5\C51\INC\REG52.H(23): error A10: ATTEMPT TO DEFINE AN ALREADY DEFINED SYMBOL
C:\KEIL_V5\C51\INC\REG52.H(24): error A10: ATTEMPT TO DEFINE AN ALREADY DEFINED SYMBOL
C:\KEIL_V5\C51\INC\REG52.H(25): error A10: ATTEMPT TO DEFINE AN ALREADY DEFINED SYMBOL
C:\KEIL_V5\C51\INC\REG52.H(26): error A10: ATTEMPT TO DEFINE AN ALREADY DEFINED SYMBOL
C:\KEIL_V5\C51\INC\REG52.H(27): error A10: ATTEMPT TO DEFINE AN ALREADY DEFINED SYMBOL
C:\KEIL_V5\C51\INC\REG52.H(28): error A10: ATTEMPT TO DEFINE AN ALREADY DEFINED SYMBOL
C:\KEIL_V5\C51\INC\REG52.H(29): error A10: ATTEMPT TO DEFINE AN ALREADY DEFINED SYMBOL
C:\KEIL_V5\C51\INC\REG52.H(30): error A10: ATTEMPT TO DEFINE AN ALREADY DEFINED SYMBOL
C:\KEIL_V5\C51\INC\REG52.H(31): error A10: ATTEMPT TO DEFINE AN ALREADY DEFINED SYMBOL
C:\KEIL_V5\C51\INC\REG52.H(32): error A10: ATTEMPT TO DEFINE AN ALREADY DEFINED SYMBOL
C:\KEIL_V5\C51\INC\REG52.H(33): error A10: ATTEMPT TO DEFINE AN ALREADY DEFINED SYMBOL
C:\KEIL_V5\C51\INC\REG52.H(45): error A10: ATTEMPT TO DEFINE AN ALREADY DEFINED SYMBOL
C:\KEIL_V5\C51\INC\REG52.H(46): error A10: ATTEMPT TO DEFINE AN ALREADY DEFINED SYMBOL
C:\KEIL_V5\C51\INC\REG52.H(47): error A10: ATTEMPT TO DEFINE AN ALREADY DEFINED SYMBOL
C:\KEIL_V5\C51\INC\REG52.H(48): error A10: ATTEMPT TO DEFINE AN ALREADY DEFINED SYMBOL
C:\KEIL_V5\C51\INC\REG52.H(49): error A10: ATTEMPT TO DEFINE AN ALREADY DEFINED SYMBOL
C:\KEIL_V5\C51\INC\REG52.H(50): error A10: ATTEMPT TO DEFINE AN ALREADY DEFINED SYMBOL
C:\KEIL_V5\C51\INC\REG52.H(51): error A10: ATTEMPT TO DEFINE AN ALREADY DEFINED SYMBOL
C:\KEIL_V5\C51\INC\REG52.H(54): error A10: ATTEMPT TO DEFINE AN ALREADY DEFINED SYMBOL
C:\KEIL_V5\C51\INC\REG52.H(55): error A10: ATTEMPT TO DEFINE AN ALREADY DEFINED SYMBOL
C:\KEIL_V5\C51\INC\REG52.H(56): error A10: ATTEMPT TO DEFINE AN ALREADY DEFINED SYMBOL
C:\KEIL_V5\C51\INC\REG52.H(57): error A10: ATTEMPT TO DEFINE AN ALREADY DEFINED SYMBOL
C:\KEIL_V5\C51\INC\REG52.H(58): error A10: ATTEMPT TO DEFINE AN ALREADY DEFINED SYMBOL
C:\KEIL_V5\C51\INC\REG52.H(59): error A10: ATTEMPT TO DEFINE AN ALREADY DEFINED SYMBOL
C:\KEIL_V5\C51\INC\REG52.H(60): error A10: ATTEMPT TO DEFINE AN ALREADY DEFINED SYMBOL
C:\KEIL_V5\C51\INC\REG52.H(61): error A10: ATTEMPT TO DEFINE AN ALREADY DEFINED SYMBOL
C:\KEIL_V5\C51\INC\REG52.H(64): error A10: ATTEMPT TO DEFINE AN ALREADY DEFINED SYMBOL
C:\KEIL_V5\C51\INC\REG52.H(66): error A10: ATTEMPT TO DEFINE AN ALREADY DEFINED SYMBOL
C:\KEIL_V5\C51\INC\REG52.H(67): error A10: ATTEMPT TO DEFINE AN ALREADY DEFINED SYMBOL
C:\KEIL_V5\C51\INC\REG52.H(68): error A10: ATTEMPT TO DEFINE AN ALREADY DEFINED SYMBOL
C:\KEIL_V5\C51\INC\REG52.H(69): error A10: ATTEMPT TO DEFINE AN ALREADY DEFINED SYMBOL
C:\KEIL_V5\C51\INC\REG52.H(70): error A10: ATTEMPT TO DEFINE AN ALREADY DEFINED SYMBOL
C:\KEIL_V5\C51\INC\REG52.H(74): error A10: ATTEMPT TO DEFINE AN ALREADY DEFINED SYMBOL
C:\KEIL_V5\C51\INC\REG52.H(75): error A10: ATTEMPT TO DEFINE AN ALREADY DEFINED SYMBOL
C:\KEIL_V5\C51\INC\REG52.H(76): error A10: ATTEMPT TO DEFINE AN ALREADY DEFINED SYMBOL
C:\KEIL_V5\C51\INC\REG52.H(77): error A10: ATTEMPT TO DEFINE AN ALREADY DEFINED SYMBOL
C:\KEIL_V5\C51\INC\REG52.H(78): error A10: ATTEMPT TO DEFINE AN ALREADY DEFINED SYMBOL
C:\KEIL_V5\C51\INC\REG52.H(81): error A10: ATTEMPT TO DEFINE AN ALREADY DEFINED SYMBOL
C:\KEIL_V5\C51\INC\REG52.H(82): error A10: ATTEMPT TO DEFINE AN ALREADY DEFINED SYMBOL
C:\KEIL_V5\C51\INC\REG52.H(83): error A10: ATTEMPT TO DEFINE AN ALREADY DEFINED SYMBOL
C:\KEIL_V5\C51\INC\REG52.H(84): error A10: ATTEMPT TO DEFINE AN ALREADY DEFINED SYMBOL
C:\KEIL_V5\C51\INC\REG52.H(85): error A10: ATTEMPT TO DEFINE AN ALREADY DEFINED SYMBOL
C:\KEIL_V5\C51\INC\REG52.H(86): error A10: ATTEMPT TO DEFINE AN ALREADY DEFINED SYMBOL
C:\KEIL_V5\C51\INC\REG52.H(87): error A10: ATTEMPT TO DEFINE AN ALREADY DEFINED SYMBOL
C:\KEIL_V5\C51\INC\REG52.H(88): error A10: ATTEMPT TO DEFINE AN ALREADY DEFINED SYMBOL
C:\KEIL_V5\C51\INC\REG52.H(91): error A10: ATTEMPT TO DEFINE AN ALREADY DEFINED SYMBOL
C:\KEIL_V5\C51\INC\REG52.H(92): error A10: ATTEMPT TO DEFINE AN ALREADY DEFINED SYMBOL
C:\KEIL_V5\C51\INC\REG52.H(93): error A10: ATTEMPT TO DEFINE AN ALREADY DEFINED SYMBOL
C:\KEIL_V5\C51\INC\REG52.H(94): error A10: ATTEMPT TO DEFINE AN ALREADY DEFINED SYMBOL
C:\KEIL_V5\C51\INC\REG52.H(95): error A10: ATTEMPT TO DEFINE AN ALREADY DEFINED SYMBOL
C:\KEIL_V5\C51\INC\REG52.H(96): error A10: ATTEMPT TO DEFINE AN ALREADY DEFINED SYMBOL
C:\KEIL_V5\C51\INC\REG52.H(97): error A10: ATTEMPT TO DEFINE AN ALREADY DEFINED SYMBOL
C:\KEIL_V5\C51\INC\REG52.H(98): error A10: ATTEMPT TO DEFINE AN ALREADY DEFINED SYMBOL
C:\KEIL_V5\C51\INC\INTRINS.H(19): error A9: SYNTAX ERROR
C:\KEIL_V5\C51\INC\INTRINS.H(20): error A50: BIT-ADDRESS EXPECTED
C:\KEIL_V5\C51\INC\INTRINS.H(21): error A9: SYNTAX ERROR
C:\KEIL_V5\C51\INC\INTRINS.H(22): error A9: SYNTAX ERROR
C:\KEIL_V5\C51\INC\INTRINS.H(23): error A9: SYNTAX ERROR
C:\KEIL_V5\C51\INC\INTRINS.H(24): error A9: SYNTAX ERROR
C:\KEIL_V5\C51\INC\INTRINS.H(25): error A9: SYNTAX ERROR
C:\KEIL_V5\C51\INC\INTRINS.H(26): error A9: SYNTAX ERROR
C:\KEIL_V5\C51\INC\INTRINS.H(27): error A9: SYNTAX ERROR
C:\KEIL_V5\C51\INC\INTRINS.H(33): error A9: SYNTAX ERROR
C:\KEIL_V5\C51\INC\INTRINS.H(34): error A9: SYNTAX ERROR
test2.a51(6): error A9: SYNTAX ERROR
test2.a51(7): error A9: SYNTAX ERROR
test2.a51(4): error A9: SYNTAX ERROR
test2.a51(9): error A9: SYNTAX ERROR
test2.a51(6): error A9: SYNTAX ERROR
test2.a51(11): error A9: SYNTAX ERROR
test2.a51(12): error A9: SYNTAX ERROR
test2.a51(13): error A9: SYNTAX ERROR
test2.a51(14): error A9: SYNTAX ERROR
test2.a51(15): error A9: SYNTAX ERROR
test2.a51(16): error A9: SYNTAX ERROR
test2.a51(17): error A9: SYNTAX ERROR
test2.a51(18): error A9: SYNTAX ERROR
test2.a51(19): error A9: SYNTAX ERROR
test2.a51(20): error A9: SYNTAX ERROR
test2.a51(21): error A9: SYNTAX ERROR
test2.a51(22): error A9: SYNTAX ERROR
test2.a51(23): error A9: SYNTAX ERROR
test2.a51(23): warning A41: MISSING 'END' STATEMENT
compiling test2-2.c...
Target not created.
Build Time Elapsed:  00:00:00
</pre>
</body>
</html>
